<?xml version="1.0" encoding="UTF-8"?>
<!-- Generated by org.testng.reporters.JUnitXMLReporter -->
<testsuite hostname="surabhilittlangel" ignored="0" name="Test" tests="4" failures="0" timestamp="2022-02-23T11:37:41 IST" time="8.954" errors="0">
  <testcase name="getCurrentAirQuality" time="4.306" classname="WeatherReport.QantasAPI.TC003_CurrentAirQuality_Postcode"/>
  <testcase name="getCurrentAirQuality" time="1.544" classname="WeatherReport.QantasAPI.TC003_CurrentAirQuality_Postcode"/>
  <testcase name="getCurrentWeatherReport" time="1.521" classname="WeatherReport.QantasAPI.TC001_CurrentWeather_Lat_Long"/>
  <testcase name="getCurrentWeatherReport" time="1.506" classname="WeatherReport.QantasAPI.TC001_CurrentWeather_Lat_Long"/>
</testsuite> <!-- Test -->
